Using pre-set license
Built from '2021.3/staging' branch; Version is '2021.3.9f1 (ad3870b89536) revision 11352176'; Using compiler version '192829333'; Build Type 'Release'
OS: 'Windows 10  (10.0.19042) 64bit Professional' Language: 'ru' Physical Memory: 16370 MB
BatchMode: 1, IsHumanControllingUs: 0, StartBugReporterOnCrash: 0, Is64bit: 1, IsPro: 1

COMMAND LINE ARGUMENTS:
C:\Program Files\Unity\Hub\Editor\2021.3.9f1\Editor\Unity.exe
-adb2
-batchMode
-noUpm
-name
AssetImportWorker0
-projectPath
C:/Users/Intel/Desktop/17
-logFile
Logs/AssetImportWorker0.log
-srvPort
63055
Successfully changed project path to: C:/Users/Intel/Desktop/17
C:/Users/Intel/Desktop/17
[UnityMemory] Configuration Parameters - Can be set up in boot.config
    "memorysetup-bucket-allocator-granularity=16"
    "memorysetup-bucket-allocator-bucket-count=8"
    "memorysetup-bucket-allocator-block-size=33554432"
    "memorysetup-bucket-allocator-block-count=8"
    "memorysetup-main-allocator-block-size=16777216"
    "memorysetup-thread-allocator-block-size=16777216"
    "memorysetup-gfx-main-allocator-block-size=16777216"
    "memorysetup-gfx-thread-allocator-block-size=16777216"
    "memorysetup-cache-allocator-block-size=4194304"
    "memorysetup-typetree-allocator-block-size=2097152"
    "memorysetup-profiler-bucket-allocator-granularity=16"
    "memorysetup-profiler-bucket-allocator-bucket-count=8"
    "memorysetup-profiler-bucket-allocator-block-size=33554432"
    "memorysetup-profiler-bucket-allocator-block-count=8"
    "memorysetup-profiler-allocator-block-size=16777216"
    "memorysetup-profiler-editor-allocator-block-size=1048576"
    "memorysetup-temp-allocator-size-main=16777216"
    "memorysetup-job-temp-allocator-block-size=2097152"
    "memorysetup-job-temp-allocator-block-size-background=1048576"
    "memorysetup-job-temp-allocator-reduction-small-platforms=262144"
    "memorysetup-temp-allocator-size-background-worker=32768"
    "memorysetup-temp-allocator-size-job-worker=262144"
    "memorysetup-temp-allocator-size-preload-manager=33554432"
    "memorysetup-temp-allocator-size-nav-mesh-worker=65536"
    "memorysetup-temp-allocator-size-audio-worker=65536"
    "memorysetup-temp-allocator-size-cloud-worker=32768"
    "memorysetup-temp-allocator-size-gi-baking-worker=262144"
    "memorysetup-temp-allocator-size-gfx=262144"
Refreshing native plugins compatible for Editor in 214.28 ms, found 4 plugins.
Preloading 0 native plugins for Editor in 0.00 ms.
Initialize engine version: 2021.3.9f1 (ad3870b89536)
[Subsystems] Discovering subsystems at path C:/Program Files/Unity/Hub/Editor/2021.3.9f1/Editor/Data/Resources/UnitySubsystems
[Subsystems] Discovering subsystems at path C:/Users/Intel/Desktop/17/Assets
GfxDevice: creating device client; threaded=0; jobified=0
Direct3D:
    Version:  Direct3D 11.0 [level 11.0]
    Renderer: NVIDIA GeForce GTX 760 (ID=0x1187)
    Vendor:   NVIDIA
    VRAM:     2007 MB
    Driver:   30.0.14.7212
Initialize mono
Mono path[0] = 'C:/Program Files/Unity/Hub/Editor/2021.3.9f1/Editor/Data/Managed'
Mono path[1] = 'C:/Program Files/Unity/Hub/Editor/2021.3.9f1/Editor/Data/MonoBleedingEdge/lib/mono/unityjit-win32'
Mono config path = 'C:/Program Files/Unity/Hub/Editor/2021.3.9f1/Editor/Data/MonoBleedingEdge/etc'
Using monoOptions --debugger-agent=transport=dt_socket,embedding=1,server=y,suspend=n,address=127.0.0.1:56020
Begin MonoManager ReloadAssembly
Registering precompiled unity dll's ...
Register platform support module: C:/Program Files/Unity/Hub/Editor/2021.3.9f1/Editor/Data/PlaybackEngines/WebGLSupport/UnityEditor.WebGL.Extensions.dll
Register platform support module: C:/Program Files/Unity/Hub/Editor/2021.3.9f1/Editor/Data/PlaybackEngines/WindowsStandaloneSupport/UnityEditor.WindowsStandalone.Extensions.dll
Registered in 0.014974 seconds.
Native extension for WindowsStandalone target not found
Native extension for WebGL target not found
Refreshing native plugins compatible for Editor in 223.10 ms, found 4 plugins.
Preloading 0 native plugins for Editor in 0.00 ms.
Mono: successfully reloaded assembly
- Completed reload, in  1.643 seconds
Domain Reload Profiling:
	ReloadAssembly (1644ms)
		BeginReloadAssembly (165ms)
			ExecutionOrderSort (0ms)
			DisableScriptedObjects (0ms)
			BackupInstance (0ms)
			ReleaseScriptingObjects (0ms)
			CreateAndSetChildDomain (2ms)
		EndReloadAssembly (1224ms)
			LoadAssemblies (160ms)
			RebuildTransferFunctionScriptingTraits (0ms)
			SetupTypeCache (307ms)
			ReleaseScriptCaches (0ms)
			RebuildScriptCaches (101ms)
			SetupLoadedEditorAssemblies (665ms)
				LogAssemblyErrors (0ms)
				InitializePlatformSupportModulesInManaged (31ms)
				SetLoadedEditorAssemblies (1ms)
				RefreshPlugins (223ms)
				BeforeProcessingInitializeOnLoad (3ms)
				ProcessInitializeOnLoadAttributes (296ms)
				ProcessInitializeOnLoadMethodAttributes (112ms)
				AfterProcessingInitializeOnLoad (0ms)
				EditorAssembliesLoaded (0ms)
			ExecutionOrderSort2 (0ms)
			AwakeInstancesAfterBackupRestoration (0ms)
Platform modules already initialized, skipping
Registering precompiled user dll's ...
Registered in 0.016194 seconds.
Begin MonoManager ReloadAssembly
Symbol file LoadedFromMemory doesn't match image C:\Users\Intel\Desktop\17\Library\PackageCache\com.unity.visualscripting@1.7.8\Editor\VisualScripting.Core\Dependencies\YamlDotNet\Unity.VisualScripting.YamlDotNet.dll
Symbol file LoadedFromMemory doesn't match image C:\Users\Intel\Desktop\17\Library\PackageCache\com.unity.visualscripting@1.7.8\Editor\VisualScripting.Core\Dependencies\DotNetZip\Unity.VisualScripting.IonicZip.dll
Native extension for WindowsStandalone target not found
Native extension for WebGL target not found
Refreshing native plugins compatible for Editor in 220.77 ms, found 4 plugins.
Preloading 0 native plugins for Editor in 0.00 ms.
Mono: successfully reloaded assembly
- Completed reload, in  2.998 seconds
Domain Reload Profiling:
	ReloadAssembly (3000ms)
		BeginReloadAssembly (252ms)
			ExecutionOrderSort (0ms)
			DisableScriptedObjects (16ms)
			BackupInstance (0ms)
			ReleaseScriptingObjects (0ms)
			CreateAndSetChildDomain (38ms)
		EndReloadAssembly (2413ms)
			LoadAssemblies (198ms)
			RebuildTransferFunctionScriptingTraits (0ms)
			SetupTypeCache (658ms)
			ReleaseScriptCaches (1ms)
			RebuildScriptCaches (183ms)
			SetupLoadedEditorAssemblies (1229ms)
				LogAssemblyErrors (0ms)
				InitializePlatformSupportModulesInManaged (14ms)
				SetLoadedEditorAssemblies (0ms)
				RefreshPlugins (221ms)
				BeforeProcessingInitializeOnLoad (230ms)
				ProcessInitializeOnLoadAttributes (623ms)
				ProcessInitializeOnLoadMethodAttributes (124ms)
				AfterProcessingInitializeOnLoad (15ms)
				EditorAssembliesLoaded (0ms)
			ExecutionOrderSort2 (0ms)
			AwakeInstancesAfterBackupRestoration (13ms)
Platform modules already initialized, skipping
========================================================================
Worker process is ready to serve import requests
Launched and connected shader compiler UnityShaderCompiler.exe after 0.09 seconds
Refreshing native plugins compatible for Editor in 1.92 ms, found 4 plugins.
Preloading 0 native plugins for Editor in 0.00 ms.
Unloading 4071 Unused Serialized files (Serialized files now loaded: 0)
Unloading 44 unused Assets / (223.4 KB). Loaded Objects now: 4521.
Memory consumption went from 151.4 MB to 151.2 MB.
Total: 8.799600 ms (FindLiveObjects: 0.691400 ms CreateObjectMapping: 0.323500 ms MarkObjects: 7.434300 ms  DeleteObjects: 0.348300 ms)

AssetImportParameters requested are different than current active one (requested -> active):
  custom:video-decoder-ogg-theora: a1e56fd34408186e4bbccfd4996cb3dc -> 
  custom:container-muxer-webm: aa71ff27fc2769a1b78a27578f13a17b -> 
  custom:container-demuxer-webm: 4f35f7cbe854078d1ac9338744f61a02 -> 
  custom:video-encoder-webm-vp8: eb34c28f22e8b96e1ab97ce403110664 -> 
  custom:audio-encoder-webm-vorbis: bf7c407c2cedff20999df2af8eb42d56 -> 
  custom:framework-win-MediaFoundation: 216162199b28c13a410421893ffa2e32 -> 
  custom:container-demuxer-ogg: 62fdf1f143b41e24485cea50d1cbac27 -> 
  custom:video-decoder-webm-vp8: 9c59270c3fd7afecdb556c50c9e8de78 -> 
  custom:audio-decoder-ogg-vorbis: bf7c407c2cedff20999df2af8eb42d56 -> 
========================================================================
Received Import Request.
  Time since last request: 265583.102906 seconds.
  path: Assets/Sprites/pipeGreen_36.png
  artifactKey: Guid(e71b432062c39194092bcb1b7d53f44a) Importer(815301076,1909f56bfc062723c751e8b465ee728b)
Start importing Assets/Sprites/pipeGreen_36.png using Guid(e71b432062c39194092bcb1b7d53f44a) Importer(815301076,1909f56bfc062723c751e8b465ee728b)  -> (artifact id: '752005354ddd8d9847700ea695284c6f') in 0.292402 seconds 
========================================================================
Received Import Request.
  Time since last request: 0.000044 seconds.
  path: Assets/Sprites/pipeGreen_06.png
  artifactKey: Guid(5bd104d8d94ae8c43997bfbfff1ddbfa) Importer(815301076,1909f56bfc062723c751e8b465ee728b)
Start importing Assets/Sprites/pipeGreen_06.png using Guid(5bd104d8d94ae8c43997bfbfff1ddbfa) Importer(815301076,1909f56bfc062723c751e8b465ee728b)  -> (artifact id: 'a980d1f28ad34e846c0fd32c726da334') in 0.029747 seconds 
========================================================================
Received Import Request.
  Time since last request: 0.000054 seconds.
  path: Assets/Sprites/pipeGreen_33.png
  artifactKey: Guid(aa400f2b360ebb042b7da1395ab96a5b) Importer(815301076,1909f56bfc062723c751e8b465ee728b)
Start importing Assets/Sprites/pipeGreen_33.png using Guid(aa400f2b360ebb042b7da1395ab96a5b) Importer(815301076,1909f56bfc062723c751e8b465ee728b)  -> (artifact id: '0abfbfaf6ae7f506f0498e765389fd92') in 0.027959 seconds 
========================================================================
Received Import Request.
  Time since last request: 0.000039 seconds.
  path: Assets/Sprites/pipeGreen_41.png
  artifactKey: Guid(4a607bef8bdada3459664eb77b030f07) Importer(815301076,1909f56bfc062723c751e8b465ee728b)
Start importing Assets/Sprites/pipeGreen_41.png using Guid(4a607bef8bdada3459664eb77b030f07) Importer(815301076,1909f56bfc062723c751e8b465ee728b)  -> (artifact id: '69fa710bb887dbe6bfb0d68926e41caf') in 0.030494 seconds 
========================================================================
Received Import Request.
  Time since last request: 0.000040 seconds.
  path: Assets/Sprites/pipeGreen_31.png
  artifactKey: Guid(02e426285cafdb546a6f5dca72d6b6b5) Importer(815301076,1909f56bfc062723c751e8b465ee728b)
Start importing Assets/Sprites/pipeGreen_31.png using Guid(02e426285cafdb546a6f5dca72d6b6b5) Importer(815301076,1909f56bfc062723c751e8b465ee728b)  -> (artifact id: 'd952a71f8222607c709c386e6d822fd8') in 0.032951 seconds 
========================================================================
Received Import Request.
  Time since last request: 0.000035 seconds.
  path: Assets/Sprites/pipeGreen_38.png
  artifactKey: Guid(eb05afb3f9b622e4fb4550a8753ca671) Importer(815301076,1909f56bfc062723c751e8b465ee728b)
Start importing Assets/Sprites/pipeGreen_38.png using Guid(eb05afb3f9b622e4fb4550a8753ca671) Importer(815301076,1909f56bfc062723c751e8b465ee728b)  -> (artifact id: 'a629e7ba9722cf551cc6a499c3b1b439') in 0.029420 seconds 
========================================================================
Received Import Request.
  Time since last request: 0.000034 seconds.
  path: Assets/Sprites/pipeGreen_32.png
  artifactKey: Guid(234c64399af2ada41bc35f5717e599b7) Importer(815301076,1909f56bfc062723c751e8b465ee728b)
Start importing Assets/Sprites/pipeGreen_32.png using Guid(234c64399af2ada41bc35f5717e599b7) Importer(815301076,1909f56bfc062723c751e8b465ee728b)  -> (artifact id: 'b434a83908e0ca94e1c97371e6ed015f') in 0.031677 seconds 
========================================================================
Received Import Request.
  Time since last request: 0.000048 seconds.
  path: Assets/Sprites/pipeGreen_28.png
  artifactKey: Guid(003fa853f5a546c43b57c96b1bf4d965) Importer(815301076,1909f56bfc062723c751e8b465ee728b)
Start importing Assets/Sprites/pipeGreen_28.png using Guid(003fa853f5a546c43b57c96b1bf4d965) Importer(815301076,1909f56bfc062723c751e8b465ee728b)  -> (artifact id: '3d143bbf205e82de199b37790428d575') in 0.046313 seconds 
========================================================================
Received Import Request.
  Time since last request: 0.000056 seconds.
  path: Assets/Sprites/pipeGreen_23.png
  artifactKey: Guid(e7ec5723c536e504bb839ab74651fbe4) Importer(815301076,1909f56bfc062723c751e8b465ee728b)
Start importing Assets/Sprites/pipeGreen_23.png using Guid(e7ec5723c536e504bb839ab74651fbe4) Importer(815301076,1909f56bfc062723c751e8b465ee728b)  -> (artifact id: '6a24b1603588ed50d79a897e001f90dc') in 0.033665 seconds 
========================================================================
Received Import Request.
  Time since last request: 0.000038 seconds.
  path: Assets/Sprites/pipeGreen_35.png
  artifactKey: Guid(c9a703472e61d0e4ca1db5575ebe1ff9) Importer(815301076,1909f56bfc062723c751e8b465ee728b)
Start importing Assets/Sprites/pipeGreen_35.png using Guid(c9a703472e61d0e4ca1db5575ebe1ff9) Importer(815301076,1909f56bfc062723c751e8b465ee728b)  -> (artifact id: 'd617f5a56feb704e2d3f42462d0cd845') in 0.035760 seconds 
========================================================================
Received Import Request.
  Time since last request: 0.000038 seconds.
  path: Assets/Sprites/pipeGreen_10.png
  artifactKey: Guid(97a0e3fa669302549af185c8dd1bef11) Importer(815301076,1909f56bfc062723c751e8b465ee728b)
Start importing Assets/Sprites/pipeGreen_10.png using Guid(97a0e3fa669302549af185c8dd1bef11) Importer(815301076,1909f56bfc062723c751e8b465ee728b)  -> (artifact id: '917c2736b3f9a553166881944aae2e8c') in 0.028560 seconds 
========================================================================
Received Import Request.
  Time since last request: 0.000036 seconds.
  path: Assets/Sprites/pipeGreen_17.png
  artifactKey: Guid(45059485e3bb6804b97fb6d5a548ba70) Importer(815301076,1909f56bfc062723c751e8b465ee728b)
Start importing Assets/Sprites/pipeGreen_17.png using Guid(45059485e3bb6804b97fb6d5a548ba70) Importer(815301076,1909f56bfc062723c751e8b465ee728b)  -> (artifact id: '28105cd86422fdb0e5eabf7e5e9b1010') in 0.033996 seconds 
========================================================================
Received Import Request.
  Time since last request: 0.000034 seconds.
  path: Assets/Sprites/pipeGreen_11.png
  artifactKey: Guid(fc92bb8728f054240825868db3d7db5d) Importer(815301076,1909f56bfc062723c751e8b465ee728b)
Start importing Assets/Sprites/pipeGreen_11.png using Guid(fc92bb8728f054240825868db3d7db5d) Importer(815301076,1909f56bfc062723c751e8b465ee728b)  -> (artifact id: '13dbe95e51e8282d18a5ca4191161017') in 0.030572 seconds 
========================================================================
Received Import Request.
  Time since last request: 0.000039 seconds.
  path: Assets/Sprites/pipeGreen_15.png
  artifactKey: Guid(0498cad64d2d76b4fbd299ce6e67d53d) Importer(815301076,1909f56bfc062723c751e8b465ee728b)
Start importing Assets/Sprites/pipeGreen_15.png using Guid(0498cad64d2d76b4fbd299ce6e67d53d) Importer(815301076,1909f56bfc062723c751e8b465ee728b)  -> (artifact id: '7c82b96363d994c6112cd989cb9cb472') in 0.031663 seconds 
========================================================================
Received Import Request.
  Time since last request: 0.000049 seconds.
  path: Assets/Sprites/pipeGreen_42.png
  artifactKey: Guid(75c5e98dd6a310c439e941849b1ee870) Importer(815301076,1909f56bfc062723c751e8b465ee728b)
Start importing Assets/Sprites/pipeGreen_42.png using Guid(75c5e98dd6a310c439e941849b1ee870) Importer(815301076,1909f56bfc062723c751e8b465ee728b)  -> (artifact id: '87b8bb1a3208ac7589d7976d1f4337e0') in 0.039068 seconds 
========================================================================
Received Import Request.
  Time since last request: 0.000046 seconds.
  path: Assets/Sprites/pipeGreen_37.png
  artifactKey: Guid(80ef1bbf98014a548a1d6668f90a9e3a) Importer(815301076,1909f56bfc062723c751e8b465ee728b)
Start importing Assets/Sprites/pipeGreen_37.png using Guid(80ef1bbf98014a548a1d6668f90a9e3a) Importer(815301076,1909f56bfc062723c751e8b465ee728b)  -> (artifact id: 'bf979ea4dfbd90e5f2e67233b5ea720c') in 0.031357 seconds 
