Using pre-set license
Built from '2021.3/staging' branch; Version is '2021.3.9f1 (ad3870b89536) revision 11352176'; Using compiler version '192829333'; Build Type 'Release'
OS: 'Windows 10  (10.0.19042) 64bit Professional' Language: 'ru' Physical Memory: 16370 MB
BatchMode: 1, IsHumanControllingUs: 0, StartBugReporterOnCrash: 0, Is64bit: 1, IsPro: 1

COMMAND LINE ARGUMENTS:
C:\Program Files\Unity\Hub\Editor\2021.3.9f1\Editor\Unity.exe
-adb2
-batchMode
-noUpm
-name
AssetImportWorker1
-projectPath
C:/Users/Intel/Desktop/17
-logFile
Logs/AssetImportWorker1.log
-srvPort
63055
Successfully changed project path to: C:/Users/Intel/Desktop/17
C:/Users/Intel/Desktop/17
[UnityMemory] Configuration Parameters - Can be set up in boot.config
    "memorysetup-bucket-allocator-granularity=16"
    "memorysetup-bucket-allocator-bucket-count=8"
    "memorysetup-bucket-allocator-block-size=33554432"
    "memorysetup-bucket-allocator-block-count=8"
    "memorysetup-main-allocator-block-size=16777216"
    "memorysetup-thread-allocator-block-size=16777216"
    "memorysetup-gfx-main-allocator-block-size=16777216"
    "memorysetup-gfx-thread-allocator-block-size=16777216"
    "memorysetup-cache-allocator-block-size=4194304"
    "memorysetup-typetree-allocator-block-size=2097152"
    "memorysetup-profiler-bucket-allocator-granularity=16"
    "memorysetup-profiler-bucket-allocator-bucket-count=8"
    "memorysetup-profiler-bucket-allocator-block-size=33554432"
    "memorysetup-profiler-bucket-allocator-block-count=8"
    "memorysetup-profiler-allocator-block-size=16777216"
    "memorysetup-profiler-editor-allocator-block-size=1048576"
    "memorysetup-temp-allocator-size-main=16777216"
    "memorysetup-job-temp-allocator-block-size=2097152"
    "memorysetup-job-temp-allocator-block-size-background=1048576"
    "memorysetup-job-temp-allocator-reduction-small-platforms=262144"
    "memorysetup-temp-allocator-size-background-worker=32768"
    "memorysetup-temp-allocator-size-job-worker=262144"
    "memorysetup-temp-allocator-size-preload-manager=33554432"
    "memorysetup-temp-allocator-size-nav-mesh-worker=65536"
    "memorysetup-temp-allocator-size-audio-worker=65536"
    "memorysetup-temp-allocator-size-cloud-worker=32768"
    "memorysetup-temp-allocator-size-gi-baking-worker=262144"
    "memorysetup-temp-allocator-size-gfx=262144"
Refreshing native plugins compatible for Editor in 216.03 ms, found 4 plugins.
Preloading 0 native plugins for Editor in 0.00 ms.
Initialize engine version: 2021.3.9f1 (ad3870b89536)
[Subsystems] Discovering subsystems at path C:/Program Files/Unity/Hub/Editor/2021.3.9f1/Editor/Data/Resources/UnitySubsystems
[Subsystems] Discovering subsystems at path C:/Users/Intel/Desktop/17/Assets
GfxDevice: creating device client; threaded=0; jobified=0
Direct3D:
    Version:  Direct3D 11.0 [level 11.0]
    Renderer: NVIDIA GeForce GTX 760 (ID=0x1187)
    Vendor:   NVIDIA
    VRAM:     2007 MB
    Driver:   30.0.14.7212
Initialize mono
Mono path[0] = 'C:/Program Files/Unity/Hub/Editor/2021.3.9f1/Editor/Data/Managed'
Mono path[1] = 'C:/Program Files/Unity/Hub/Editor/2021.3.9f1/Editor/Data/MonoBleedingEdge/lib/mono/unityjit-win32'
Mono config path = 'C:/Program Files/Unity/Hub/Editor/2021.3.9f1/Editor/Data/MonoBleedingEdge/etc'
Using monoOptions --debugger-agent=transport=dt_socket,embedding=1,server=y,suspend=n,address=127.0.0.1:56648
Begin MonoManager ReloadAssembly
Registering precompiled unity dll's ...
Register platform support module: C:/Program Files/Unity/Hub/Editor/2021.3.9f1/Editor/Data/PlaybackEngines/WebGLSupport/UnityEditor.WebGL.Extensions.dll
Register platform support module: C:/Program Files/Unity/Hub/Editor/2021.3.9f1/Editor/Data/PlaybackEngines/WindowsStandaloneSupport/UnityEditor.WindowsStandalone.Extensions.dll
Registered in 0.015294 seconds.
Native extension for WindowsStandalone target not found
Native extension for WebGL target not found
Refreshing native plugins compatible for Editor in 224.45 ms, found 4 plugins.
Preloading 0 native plugins for Editor in 0.00 ms.
Mono: successfully reloaded assembly
- Completed reload, in  1.656 seconds
Domain Reload Profiling:
	ReloadAssembly (1657ms)
		BeginReloadAssembly (167ms)
			ExecutionOrderSort (0ms)
			DisableScriptedObjects (0ms)
			BackupInstance (0ms)
			ReleaseScriptingObjects (0ms)
			CreateAndSetChildDomain (2ms)
		EndReloadAssembly (1241ms)
			LoadAssemblies (161ms)
			RebuildTransferFunctionScriptingTraits (0ms)
			SetupTypeCache (311ms)
			ReleaseScriptCaches (0ms)
			RebuildScriptCaches (97ms)
			SetupLoadedEditorAssemblies (688ms)
				LogAssemblyErrors (0ms)
				InitializePlatformSupportModulesInManaged (32ms)
				SetLoadedEditorAssemblies (1ms)
				RefreshPlugins (225ms)
				BeforeProcessingInitializeOnLoad (3ms)
				ProcessInitializeOnLoadAttributes (307ms)
				ProcessInitializeOnLoadMethodAttributes (121ms)
				AfterProcessingInitializeOnLoad (0ms)
				EditorAssembliesLoaded (0ms)
			ExecutionOrderSort2 (0ms)
			AwakeInstancesAfterBackupRestoration (0ms)
Platform modules already initialized, skipping
Registering precompiled user dll's ...
Registered in 0.017505 seconds.
Begin MonoManager ReloadAssembly
Symbol file LoadedFromMemory doesn't match image C:\Users\Intel\Desktop\17\Library\PackageCache\com.unity.visualscripting@1.7.8\Editor\VisualScripting.Core\Dependencies\YamlDotNet\Unity.VisualScripting.YamlDotNet.dll
Symbol file LoadedFromMemory doesn't match image C:\Users\Intel\Desktop\17\Library\PackageCache\com.unity.visualscripting@1.7.8\Editor\VisualScripting.Core\Dependencies\DotNetZip\Unity.VisualScripting.IonicZip.dll
Native extension for WindowsStandalone target not found
Native extension for WebGL target not found
Refreshing native plugins compatible for Editor in 228.99 ms, found 4 plugins.
Preloading 0 native plugins for Editor in 0.00 ms.
Mono: successfully reloaded assembly
- Completed reload, in  3.008 seconds
Domain Reload Profiling:
	ReloadAssembly (3011ms)
		BeginReloadAssembly (243ms)
			ExecutionOrderSort (0ms)
			DisableScriptedObjects (14ms)
			BackupInstance (0ms)
			ReleaseScriptingObjects (0ms)
			CreateAndSetChildDomain (38ms)
		EndReloadAssembly (2438ms)
			LoadAssemblies (201ms)
			RebuildTransferFunctionScriptingTraits (0ms)
			SetupTypeCache (659ms)
			ReleaseScriptCaches (1ms)
			RebuildScriptCaches (183ms)
			SetupLoadedEditorAssemblies (1246ms)
				LogAssemblyErrors (0ms)
				InitializePlatformSupportModulesInManaged (14ms)
				SetLoadedEditorAssemblies (0ms)
				RefreshPlugins (229ms)
				BeforeProcessingInitializeOnLoad (245ms)
				ProcessInitializeOnLoadAttributes (620ms)
				ProcessInitializeOnLoadMethodAttributes (121ms)
				AfterProcessingInitializeOnLoad (16ms)
				EditorAssembliesLoaded (0ms)
			ExecutionOrderSort2 (0ms)
			AwakeInstancesAfterBackupRestoration (13ms)
Platform modules already initialized, skipping
========================================================================
Worker process is ready to serve import requests
Launched and connected shader compiler UnityShaderCompiler.exe after 0.09 seconds
Refreshing native plugins compatible for Editor in 2.02 ms, found 4 plugins.
Preloading 0 native plugins for Editor in 0.00 ms.
Unloading 4071 Unused Serialized files (Serialized files now loaded: 0)
Unloading 44 unused Assets / (223.4 KB). Loaded Objects now: 4521.
Memory consumption went from 151.4 MB to 151.2 MB.
Total: 8.999000 ms (FindLiveObjects: 0.560000 ms CreateObjectMapping: 0.300900 ms MarkObjects: 7.682000 ms  DeleteObjects: 0.453700 ms)

AssetImportParameters requested are different than current active one (requested -> active):
  custom:video-decoder-ogg-theora: a1e56fd34408186e4bbccfd4996cb3dc -> 
  custom:container-muxer-webm: aa71ff27fc2769a1b78a27578f13a17b -> 
  custom:container-demuxer-webm: 4f35f7cbe854078d1ac9338744f61a02 -> 
  custom:video-encoder-webm-vp8: eb34c28f22e8b96e1ab97ce403110664 -> 
  custom:audio-encoder-webm-vorbis: bf7c407c2cedff20999df2af8eb42d56 -> 
  custom:framework-win-MediaFoundation: 216162199b28c13a410421893ffa2e32 -> 
  custom:container-demuxer-ogg: 62fdf1f143b41e24485cea50d1cbac27 -> 
  custom:video-decoder-webm-vp8: 9c59270c3fd7afecdb556c50c9e8de78 -> 
  custom:audio-decoder-ogg-vorbis: bf7c407c2cedff20999df2af8eb42d56 -> 
========================================================================
Received Import Request.
  Time since last request: 265583.110735 seconds.
  path: Assets/Sprites/pipeGreen_43.png
  artifactKey: Guid(ff9f0f0b6558f3e4ebf6e0e4abca0157) Importer(815301076,1909f56bfc062723c751e8b465ee728b)
Start importing Assets/Sprites/pipeGreen_43.png using Guid(ff9f0f0b6558f3e4ebf6e0e4abca0157) Importer(815301076,1909f56bfc062723c751e8b465ee728b)  -> (artifact id: '2e237c28b0fb993262c3ea7575861954') in 0.284173 seconds 
========================================================================
Received Import Request.
  Time since last request: 0.000034 seconds.
  path: Assets/Sprites/pipeGreen_18.png
  artifactKey: Guid(98497f36a3e59f744aa87b670dbad3c3) Importer(815301076,1909f56bfc062723c751e8b465ee728b)
Start importing Assets/Sprites/pipeGreen_18.png using Guid(98497f36a3e59f744aa87b670dbad3c3) Importer(815301076,1909f56bfc062723c751e8b465ee728b)  -> (artifact id: 'c85c8e229927f0ee647b656778b8511b') in 0.027258 seconds 
========================================================================
Received Import Request.
  Time since last request: 0.000046 seconds.
  path: Assets/Sprites/pipeGreen_20.png
  artifactKey: Guid(ba4a0f5150475b34bb0f32baf6ef3e6e) Importer(815301076,1909f56bfc062723c751e8b465ee728b)
Start importing Assets/Sprites/pipeGreen_20.png using Guid(ba4a0f5150475b34bb0f32baf6ef3e6e) Importer(815301076,1909f56bfc062723c751e8b465ee728b)  -> (artifact id: 'c3860f6988548782479bf968cd6f83c2') in 0.025112 seconds 
========================================================================
Received Import Request.
  Time since last request: 0.000035 seconds.
  path: Assets/Sprites/pipeGreen_19.png
  artifactKey: Guid(c309a8d0cfa93cd42b3088eb454bb6dd) Importer(815301076,1909f56bfc062723c751e8b465ee728b)
Start importing Assets/Sprites/pipeGreen_19.png using Guid(c309a8d0cfa93cd42b3088eb454bb6dd) Importer(815301076,1909f56bfc062723c751e8b465ee728b)  -> (artifact id: '8f25eebaaf40f6ef99029effa7a935a5') in 0.032393 seconds 
========================================================================
Received Import Request.
  Time since last request: 0.000036 seconds.
  path: Assets/Sprites/pipeGreen_24.png
  artifactKey: Guid(15b0235edf1d1ba43a14c08b96d4fa5f) Importer(815301076,1909f56bfc062723c751e8b465ee728b)
Start importing Assets/Sprites/pipeGreen_24.png using Guid(15b0235edf1d1ba43a14c08b96d4fa5f) Importer(815301076,1909f56bfc062723c751e8b465ee728b)  -> (artifact id: '86e5dc22dc358a4db0c0f5b7bab2d9bf') in 0.036013 seconds 
========================================================================
Received Import Request.
  Time since last request: 0.000044 seconds.
  path: Assets/Sprites/pipeGreen_13.png
  artifactKey: Guid(cec2d5bc04736a74ca4241866ea3030f) Importer(815301076,1909f56bfc062723c751e8b465ee728b)
Start importing Assets/Sprites/pipeGreen_13.png using Guid(cec2d5bc04736a74ca4241866ea3030f) Importer(815301076,1909f56bfc062723c751e8b465ee728b)  -> (artifact id: '2dd8dbed3af2d241840e2594fc87acfe') in 0.033356 seconds 
========================================================================
Received Import Request.
  Time since last request: 0.000029 seconds.
  path: Assets/Sprites/pipeGreen_05.png
  artifactKey: Guid(7d7db16977ed90c46875dfe49ef02c22) Importer(815301076,1909f56bfc062723c751e8b465ee728b)
Start importing Assets/Sprites/pipeGreen_05.png using Guid(7d7db16977ed90c46875dfe49ef02c22) Importer(815301076,1909f56bfc062723c751e8b465ee728b)  -> (artifact id: 'c4b52d752bbbef7bef22b94dc75650f6') in 0.031521 seconds 
========================================================================
Received Import Request.
  Time since last request: 0.000034 seconds.
  path: Assets/Sprites/pipeGreen_07.png
  artifactKey: Guid(94546534ab4a9a648aff05279d494470) Importer(815301076,1909f56bfc062723c751e8b465ee728b)
Start importing Assets/Sprites/pipeGreen_07.png using Guid(94546534ab4a9a648aff05279d494470) Importer(815301076,1909f56bfc062723c751e8b465ee728b)  -> (artifact id: '6940277baf942429ffcf066f5fe34d43') in 0.034954 seconds 
========================================================================
Received Import Request.
  Time since last request: 0.000060 seconds.
  path: Assets/Sprites/pipeGreen_30.png
  artifactKey: Guid(cfa7ddf2331fed54bb648d4beab7735a) Importer(815301076,1909f56bfc062723c751e8b465ee728b)
Start importing Assets/Sprites/pipeGreen_30.png using Guid(cfa7ddf2331fed54bb648d4beab7735a) Importer(815301076,1909f56bfc062723c751e8b465ee728b)  -> (artifact id: 'c52a6e376875e58d3f0d8f1a12d87a38') in 0.037974 seconds 
========================================================================
Received Import Request.
  Time since last request: 0.000041 seconds.
  path: Assets/Sprites
  artifactKey: Guid(cb1cf11572cb82548a5e8e934af0f4b7) Importer(815301076,1909f56bfc062723c751e8b465ee728b)
Start importing Assets/Sprites using Guid(cb1cf11572cb82548a5e8e934af0f4b7) Importer(815301076,1909f56bfc062723c751e8b465ee728b)  -> (artifact id: 'e34365d4d56f37451460764352a3ff0c') in 0.004010 seconds 
========================================================================
Received Import Request.
  Time since last request: 0.000058 seconds.
  path: Assets/Sprites/pipeGreen_09.png
  artifactKey: Guid(a7ece0b179063534e92c97e4109555cb) Importer(815301076,1909f56bfc062723c751e8b465ee728b)
Start importing Assets/Sprites/pipeGreen_09.png using Guid(a7ece0b179063534e92c97e4109555cb) Importer(815301076,1909f56bfc062723c751e8b465ee728b)  -> (artifact id: 'a62a9c9968c57670a5b322263e94f882') in 0.031029 seconds 
========================================================================
Received Import Request.
  Time since last request: 0.000037 seconds.
  path: Assets/Sprites/pipeGreen_29.png
  artifactKey: Guid(9c76e920919cdf24db9b3df9b9704ba6) Importer(815301076,1909f56bfc062723c751e8b465ee728b)
Start importing Assets/Sprites/pipeGreen_29.png using Guid(9c76e920919cdf24db9b3df9b9704ba6) Importer(815301076,1909f56bfc062723c751e8b465ee728b)  -> (artifact id: 'b8c5f1c26663f4980d05ebc6a42d5443') in 0.029481 seconds 
========================================================================
Received Import Request.
  Time since last request: 0.000036 seconds.
  path: Assets/Sprites/pipeGreen_08.png
  artifactKey: Guid(629d8510d7d8a884d9d1966a24f72d5f) Importer(815301076,1909f56bfc062723c751e8b465ee728b)
Start importing Assets/Sprites/pipeGreen_08.png using Guid(629d8510d7d8a884d9d1966a24f72d5f) Importer(815301076,1909f56bfc062723c751e8b465ee728b)  -> (artifact id: '25b71894052ac9391fda598f5ef881df') in 0.029127 seconds 
========================================================================
Received Import Request.
  Time since last request: 0.000052 seconds.
  path: Assets/Sprites/pipeGreen_02.png
  artifactKey: Guid(110dc4db70b80ab4998c37d6841d471d) Importer(815301076,1909f56bfc062723c751e8b465ee728b)
Start importing Assets/Sprites/pipeGreen_02.png using Guid(110dc4db70b80ab4998c37d6841d471d) Importer(815301076,1909f56bfc062723c751e8b465ee728b)  -> (artifact id: 'c5e9fececd73728bfbe51e36eff17bba') in 0.026948 seconds 
========================================================================
Received Import Request.
  Time since last request: 0.000047 seconds.
  path: Assets/Sprites/pipeGreen_21.png
  artifactKey: Guid(511966c83164a3941a3eb093320f5fec) Importer(815301076,1909f56bfc062723c751e8b465ee728b)
Start importing Assets/Sprites/pipeGreen_21.png using Guid(511966c83164a3941a3eb093320f5fec) Importer(815301076,1909f56bfc062723c751e8b465ee728b)  -> (artifact id: '9b414280f8a05c8b1a16a9db48f17deb') in 0.027039 seconds 
========================================================================
Received Import Request.
  Time since last request: 0.000038 seconds.
  path: Assets/Sprites/pipeGreen_25.png
  artifactKey: Guid(61f3fa70c75edb24b8833a5f8a9d240b) Importer(815301076,1909f56bfc062723c751e8b465ee728b)
Start importing Assets/Sprites/pipeGreen_25.png using Guid(61f3fa70c75edb24b8833a5f8a9d240b) Importer(815301076,1909f56bfc062723c751e8b465ee728b)  -> (artifact id: 'c2f0d2a28f8d13f57c6ba2548b1eb103') in 0.035838 seconds 
========================================================================
Received Import Request.
  Time since last request: 0.000042 seconds.
  path: Assets/Sprites/pipeGreen_03.png
  artifactKey: Guid(7b3c72b5ac026564f9868cb6aa2ac7d9) Importer(815301076,1909f56bfc062723c751e8b465ee728b)
Start importing Assets/Sprites/pipeGreen_03.png using Guid(7b3c72b5ac026564f9868cb6aa2ac7d9) Importer(815301076,1909f56bfc062723c751e8b465ee728b)  -> (artifact id: '52e2fb7686f456e53a50d4396427486e') in 0.027327 seconds 
Editor requested this worker to shutdown with reason: Scaling down because of idle timeout
AssetImportWorkerClient::OnTransportError - code=2 error=End of file
AssetImportWorker is now disconnected from the server
Process exiting
Exiting without the bug reporter. Application will terminate with return code 0