Using pre-set license
Built from '2021.3/staging' branch; Version is '2021.3.9f1 (ad3870b89536) revision 11352176'; Using compiler version '192829333'; Build Type 'Release'
OS: 'Windows 10  (10.0.19042) 64bit Professional' Language: 'ru' Physical Memory: 16370 MB
BatchMode: 1, IsHumanControllingUs: 0, StartBugReporterOnCrash: 0, Is64bit: 1, IsPro: 1

COMMAND LINE ARGUMENTS:
C:\Program Files\Unity\Hub\Editor\2021.3.9f1\Editor\Unity.exe
-adb2
-batchMode
-noUpm
-name
AssetImportWorker2
-projectPath
C:/Users/Intel/Desktop/17
-logFile
Logs/AssetImportWorker2.log
-srvPort
63055
Successfully changed project path to: C:/Users/Intel/Desktop/17
C:/Users/Intel/Desktop/17
[UnityMemory] Configuration Parameters - Can be set up in boot.config
    "memorysetup-bucket-allocator-granularity=16"
    "memorysetup-bucket-allocator-bucket-count=8"
    "memorysetup-bucket-allocator-block-size=33554432"
    "memorysetup-bucket-allocator-block-count=8"
    "memorysetup-main-allocator-block-size=16777216"
    "memorysetup-thread-allocator-block-size=16777216"
    "memorysetup-gfx-main-allocator-block-size=16777216"
    "memorysetup-gfx-thread-allocator-block-size=16777216"
    "memorysetup-cache-allocator-block-size=4194304"
    "memorysetup-typetree-allocator-block-size=2097152"
    "memorysetup-profiler-bucket-allocator-granularity=16"
    "memorysetup-profiler-bucket-allocator-bucket-count=8"
    "memorysetup-profiler-bucket-allocator-block-size=33554432"
    "memorysetup-profiler-bucket-allocator-block-count=8"
    "memorysetup-profiler-allocator-block-size=16777216"
    "memorysetup-profiler-editor-allocator-block-size=1048576"
    "memorysetup-temp-allocator-size-main=16777216"
    "memorysetup-job-temp-allocator-block-size=2097152"
    "memorysetup-job-temp-allocator-block-size-background=1048576"
    "memorysetup-job-temp-allocator-reduction-small-platforms=262144"
    "memorysetup-temp-allocator-size-background-worker=32768"
    "memorysetup-temp-allocator-size-job-worker=262144"
    "memorysetup-temp-allocator-size-preload-manager=33554432"
    "memorysetup-temp-allocator-size-nav-mesh-worker=65536"
    "memorysetup-temp-allocator-size-audio-worker=65536"
    "memorysetup-temp-allocator-size-cloud-worker=32768"
    "memorysetup-temp-allocator-size-gi-baking-worker=262144"
    "memorysetup-temp-allocator-size-gfx=262144"
Refreshing native plugins compatible for Editor in 234.02 ms, found 4 plugins.
Preloading 0 native plugins for Editor in 0.00 ms.
Initialize engine version: 2021.3.9f1 (ad3870b89536)
[Subsystems] Discovering subsystems at path C:/Program Files/Unity/Hub/Editor/2021.3.9f1/Editor/Data/Resources/UnitySubsystems
[Subsystems] Discovering subsystems at path C:/Users/Intel/Desktop/17/Assets
GfxDevice: creating device client; threaded=0; jobified=0
Direct3D:
    Version:  Direct3D 11.0 [level 11.0]
    Renderer: NVIDIA GeForce GTX 760 (ID=0x1187)
    Vendor:   NVIDIA
    VRAM:     2007 MB
    Driver:   30.0.14.7212
Initialize mono
Mono path[0] = 'C:/Program Files/Unity/Hub/Editor/2021.3.9f1/Editor/Data/Managed'
Mono path[1] = 'C:/Program Files/Unity/Hub/Editor/2021.3.9f1/Editor/Data/MonoBleedingEdge/lib/mono/unityjit-win32'
Mono config path = 'C:/Program Files/Unity/Hub/Editor/2021.3.9f1/Editor/Data/MonoBleedingEdge/etc'
Using monoOptions --debugger-agent=transport=dt_socket,embedding=1,server=y,suspend=n,address=127.0.0.1:56000
Begin MonoManager ReloadAssembly
Registering precompiled unity dll's ...
Register platform support module: C:/Program Files/Unity/Hub/Editor/2021.3.9f1/Editor/Data/PlaybackEngines/WebGLSupport/UnityEditor.WebGL.Extensions.dll
Register platform support module: C:/Program Files/Unity/Hub/Editor/2021.3.9f1/Editor/Data/PlaybackEngines/WindowsStandaloneSupport/UnityEditor.WindowsStandalone.Extensions.dll
Registered in 0.016151 seconds.
Native extension for WindowsStandalone target not found
Native extension for WebGL target not found
Refreshing native plugins compatible for Editor in 218.47 ms, found 4 plugins.
Preloading 0 native plugins for Editor in 0.00 ms.
Mono: successfully reloaded assembly
- Completed reload, in  1.672 seconds
Domain Reload Profiling:
	ReloadAssembly (1673ms)
		BeginReloadAssembly (160ms)
			ExecutionOrderSort (0ms)
			DisableScriptedObjects (0ms)
			BackupInstance (0ms)
			ReleaseScriptingObjects (0ms)
			CreateAndSetChildDomain (2ms)
		EndReloadAssembly (1220ms)
			LoadAssemblies (156ms)
			RebuildTransferFunctionScriptingTraits (0ms)
			SetupTypeCache (338ms)
			ReleaseScriptCaches (0ms)
			RebuildScriptCaches (71ms)
			SetupLoadedEditorAssemblies (653ms)
				LogAssemblyErrors (0ms)
				InitializePlatformSupportModulesInManaged (20ms)
				SetLoadedEditorAssemblies (0ms)
				RefreshPlugins (219ms)
				BeforeProcessingInitializeOnLoad (4ms)
				ProcessInitializeOnLoadAttributes (297ms)
				ProcessInitializeOnLoadMethodAttributes (113ms)
				AfterProcessingInitializeOnLoad (0ms)
				EditorAssembliesLoaded (0ms)
			ExecutionOrderSort2 (0ms)
			AwakeInstancesAfterBackupRestoration (0ms)
Platform modules already initialized, skipping
Registering precompiled user dll's ...
Registered in 0.021300 seconds.
Begin MonoManager ReloadAssembly
Symbol file LoadedFromMemory doesn't match image C:\Users\Intel\Desktop\17\Library\PackageCache\com.unity.visualscripting@1.7.8\Editor\VisualScripting.Core\Dependencies\YamlDotNet\Unity.VisualScripting.YamlDotNet.dll
Symbol file LoadedFromMemory doesn't match image C:\Users\Intel\Desktop\17\Library\PackageCache\com.unity.visualscripting@1.7.8\Editor\VisualScripting.Core\Dependencies\DotNetZip\Unity.VisualScripting.IonicZip.dll
Native extension for WindowsStandalone target not found
Native extension for WebGL target not found
Refreshing native plugins compatible for Editor in 217.11 ms, found 4 plugins.
Preloading 0 native plugins for Editor in 0.00 ms.
Mono: successfully reloaded assembly
- Completed reload, in  3.044 seconds
Domain Reload Profiling:
	ReloadAssembly (3046ms)
		BeginReloadAssembly (283ms)
			ExecutionOrderSort (0ms)
			DisableScriptedObjects (16ms)
			BackupInstance (0ms)
			ReleaseScriptingObjects (0ms)
			CreateAndSetChildDomain (39ms)
		EndReloadAssembly (2439ms)
			LoadAssemblies (231ms)
			RebuildTransferFunctionScriptingTraits (0ms)
			SetupTypeCache (698ms)
			ReleaseScriptCaches (1ms)
			RebuildScriptCaches (139ms)
			SetupLoadedEditorAssemblies (1253ms)
				LogAssemblyErrors (0ms)
				InitializePlatformSupportModulesInManaged (13ms)
				SetLoadedEditorAssemblies (1ms)
				RefreshPlugins (217ms)
				BeforeProcessingInitializeOnLoad (255ms)
				ProcessInitializeOnLoadAttributes (651ms)
				ProcessInitializeOnLoadMethodAttributes (99ms)
				AfterProcessingInitializeOnLoad (16ms)
				EditorAssembliesLoaded (0ms)
			ExecutionOrderSort2 (0ms)
			AwakeInstancesAfterBackupRestoration (16ms)
Platform modules already initialized, skipping
========================================================================
Worker process is ready to serve import requests
Launched and connected shader compiler UnityShaderCompiler.exe after 0.08 seconds
Refreshing native plugins compatible for Editor in 1.69 ms, found 4 plugins.
Preloading 0 native plugins for Editor in 0.00 ms.
Unloading 4071 Unused Serialized files (Serialized files now loaded: 0)
Unloading 44 unused Assets / (223.4 KB). Loaded Objects now: 4521.
Memory consumption went from 151.4 MB to 151.2 MB.
Total: 6.655300 ms (FindLiveObjects: 0.519300 ms CreateObjectMapping: 0.332900 ms MarkObjects: 5.515800 ms  DeleteObjects: 0.285000 ms)

AssetImportParameters requested are different than current active one (requested -> active):
  custom:video-decoder-ogg-theora: a1e56fd34408186e4bbccfd4996cb3dc -> 
  custom:container-muxer-webm: aa71ff27fc2769a1b78a27578f13a17b -> 
  custom:container-demuxer-webm: 4f35f7cbe854078d1ac9338744f61a02 -> 
  custom:video-encoder-webm-vp8: eb34c28f22e8b96e1ab97ce403110664 -> 
  custom:audio-encoder-webm-vorbis: bf7c407c2cedff20999df2af8eb42d56 -> 
  custom:framework-win-MediaFoundation: 216162199b28c13a410421893ffa2e32 -> 
  custom:container-demuxer-ogg: 62fdf1f143b41e24485cea50d1cbac27 -> 
  custom:video-decoder-webm-vp8: 9c59270c3fd7afecdb556c50c9e8de78 -> 
  custom:audio-decoder-ogg-vorbis: bf7c407c2cedff20999df2af8eb42d56 -> 
========================================================================
Received Import Request.
  Time since last request: 265583.258913 seconds.
  path: Assets/Sprites/pipeGreen_12.png
  artifactKey: Guid(cebb9b0f6c8bc6d46ae3ee3c905585d2) Importer(815301076,1909f56bfc062723c751e8b465ee728b)
Start importing Assets/Sprites/pipeGreen_12.png using Guid(cebb9b0f6c8bc6d46ae3ee3c905585d2) Importer(815301076,1909f56bfc062723c751e8b465ee728b)  -> (artifact id: '1c1c0661cac9d74d0e397b5accb2045b') in 0.225965 seconds 
========================================================================
Received Import Request.
  Time since last request: 0.000047 seconds.
  path: Assets/Sprites/pipeGreen_26.png
  artifactKey: Guid(46692a35226bb6e4a8c0f539c9ef08c2) Importer(815301076,1909f56bfc062723c751e8b465ee728b)
Start importing Assets/Sprites/pipeGreen_26.png using Guid(46692a35226bb6e4a8c0f539c9ef08c2) Importer(815301076,1909f56bfc062723c751e8b465ee728b)  -> (artifact id: '522f7f42a0901138334b42a7a0dcdcc2') in 0.033732 seconds 
========================================================================
Received Import Request.
  Time since last request: 0.000062 seconds.
  path: Assets/Sprites/pipeGreen_14.png
  artifactKey: Guid(0203ecb09ca40ca4081baa83853fd57d) Importer(815301076,1909f56bfc062723c751e8b465ee728b)
Start importing Assets/Sprites/pipeGreen_14.png using Guid(0203ecb09ca40ca4081baa83853fd57d) Importer(815301076,1909f56bfc062723c751e8b465ee728b)  -> (artifact id: '4bbadf9272d78ee38fb66027c9b99520') in 0.030984 seconds 
========================================================================
Received Import Request.
  Time since last request: 0.000034 seconds.
  path: Assets/Sprites/pipeGreen_16.png
  artifactKey: Guid(697a34af4fa829d4fbe6c5b8cf84edc6) Importer(815301076,1909f56bfc062723c751e8b465ee728b)
Start importing Assets/Sprites/pipeGreen_16.png using Guid(697a34af4fa829d4fbe6c5b8cf84edc6) Importer(815301076,1909f56bfc062723c751e8b465ee728b)  -> (artifact id: 'dd786bde1e4c8e7482b5ca9cacfbefa1') in 0.029937 seconds 
========================================================================
Received Import Request.
  Time since last request: 0.000050 seconds.
  path: Assets/Sprites/pipeGreen_34.png
  artifactKey: Guid(6b47575a75895e44fa45e603fd51d2f3) Importer(815301076,1909f56bfc062723c751e8b465ee728b)
Start importing Assets/Sprites/pipeGreen_34.png using Guid(6b47575a75895e44fa45e603fd51d2f3) Importer(815301076,1909f56bfc062723c751e8b465ee728b)  -> (artifact id: '63f4881168dcbae28cd5098744506c24') in 0.040350 seconds 
========================================================================
Received Import Request.
  Time since last request: 0.000038 seconds.
  path: Assets/Sprites/pipeGreen_44.png
  artifactKey: Guid(57151974ee7372d4e86f3c0ae3631dab) Importer(815301076,1909f56bfc062723c751e8b465ee728b)
Start importing Assets/Sprites/pipeGreen_44.png using Guid(57151974ee7372d4e86f3c0ae3631dab) Importer(815301076,1909f56bfc062723c751e8b465ee728b)  -> (artifact id: 'b1bd0542980a2dd92c8baab4e1c4daa6') in 0.041944 seconds 
========================================================================
Received Import Request.
  Time since last request: 0.000045 seconds.
  path: Assets/Sprites/pipeGreen_01.png
  artifactKey: Guid(f35bcee31d71c574f98e3d46c0fde7d8) Importer(815301076,1909f56bfc062723c751e8b465ee728b)
Start importing Assets/Sprites/pipeGreen_01.png using Guid(f35bcee31d71c574f98e3d46c0fde7d8) Importer(815301076,1909f56bfc062723c751e8b465ee728b)  -> (artifact id: '3e04fd07323b2d92617b8988cec9d474') in 0.028074 seconds 
========================================================================
Received Import Request.
  Time since last request: 0.000047 seconds.
  path: Assets/Sprites/pipeGreen_40.png
  artifactKey: Guid(b0d78b5373f27cc49bbdc014f513b206) Importer(815301076,1909f56bfc062723c751e8b465ee728b)
Start importing Assets/Sprites/pipeGreen_40.png using Guid(b0d78b5373f27cc49bbdc014f513b206) Importer(815301076,1909f56bfc062723c751e8b465ee728b)  -> (artifact id: '2aa4505409993c4e68494dde82011271') in 0.036167 seconds 
========================================================================
Received Import Request.
  Time since last request: 0.000062 seconds.
  path: Assets/Sprites/pipeGreen_04.png
  artifactKey: Guid(368eaa02e73111e42b6611c38aaf90bf) Importer(815301076,1909f56bfc062723c751e8b465ee728b)
Start importing Assets/Sprites/pipeGreen_04.png using Guid(368eaa02e73111e42b6611c38aaf90bf) Importer(815301076,1909f56bfc062723c751e8b465ee728b)  -> (artifact id: '3c6dc46d2f539836d0121200586fc00e') in 0.029294 seconds 
========================================================================
Received Import Request.
  Time since last request: 0.000039 seconds.
  path: Assets/Sprites/pipeGreen_27.png
  artifactKey: Guid(a2f76fb4194c82048a6499886e71d3ba) Importer(815301076,1909f56bfc062723c751e8b465ee728b)
Start importing Assets/Sprites/pipeGreen_27.png using Guid(a2f76fb4194c82048a6499886e71d3ba) Importer(815301076,1909f56bfc062723c751e8b465ee728b)  -> (artifact id: '7857fb4913fcb4e09bba1d30484e266a') in 0.033304 seconds 
========================================================================
Received Import Request.
  Time since last request: 0.000034 seconds.
  path: Assets/Sprites/BackTile_05.png
  artifactKey: Guid(5ea7d146f12337743948297db72f0781) Importer(815301076,1909f56bfc062723c751e8b465ee728b)
Start importing Assets/Sprites/BackTile_05.png using Guid(5ea7d146f12337743948297db72f0781) Importer(815301076,1909f56bfc062723c751e8b465ee728b)  -> (artifact id: '3193706b5b95ecc5ef98ffe991758555') in 0.034008 seconds 
========================================================================
Received Import Request.
  Time since last request: 0.000046 seconds.
  path: Assets/Sprites/startPipe.png
  artifactKey: Guid(f5f0b858f0d773748a55ab2e2b5d9f8a) Importer(815301076,1909f56bfc062723c751e8b465ee728b)
Start importing Assets/Sprites/startPipe.png using Guid(f5f0b858f0d773748a55ab2e2b5d9f8a) Importer(815301076,1909f56bfc062723c751e8b465ee728b)  -> (artifact id: 'fa752508e586805ae8250b8ed2c9d5bb') in 0.030479 seconds 
========================================================================
Received Import Request.
  Time since last request: 0.000044 seconds.
  path: Assets/Sprites/pipeGreen_39.png
  artifactKey: Guid(e6b3dcc00637f914f81a340244dec4f1) Importer(815301076,1909f56bfc062723c751e8b465ee728b)
Start importing Assets/Sprites/pipeGreen_39.png using Guid(e6b3dcc00637f914f81a340244dec4f1) Importer(815301076,1909f56bfc062723c751e8b465ee728b)  -> (artifact id: '0773f5a10395e34760b8d1196bf48026') in 0.033314 seconds 
========================================================================
Received Import Request.
  Time since last request: 0.000049 seconds.
  path: Assets/Sprites/pipeGreen_22.png
  artifactKey: Guid(bdd7436e187d7694cbe218b68b1b9016) Importer(815301076,1909f56bfc062723c751e8b465ee728b)
Start importing Assets/Sprites/pipeGreen_22.png using Guid(bdd7436e187d7694cbe218b68b1b9016) Importer(815301076,1909f56bfc062723c751e8b465ee728b)  -> (artifact id: '1056dbf0459822907b494ace844cdc11') in 0.031094 seconds 
========================================================================
Received Import Request.
  Time since last request: 99.959977 seconds.
  path: Assets/PipeScript.cs
  artifactKey: Guid(88e7a8498c3864c4c93945ff5d8e7d9b) Importer(815301076,1909f56bfc062723c751e8b465ee728b)
Start importing Assets/PipeScript.cs using Guid(88e7a8498c3864c4c93945ff5d8e7d9b) Importer(815301076,1909f56bfc062723c751e8b465ee728b)  -> (artifact id: 'e9214605eca031ef0fb7e64f49c7bdcf') in 0.053112 seconds 
